raw_queue size: 0
preprocess_queue size: 0
order_queue size: 0
order_worker_queue size: 0
front_queue size: 0
------------------------------
raw_queue size: 0
preprocess_queue size: 0
order_queue size: 0
order_worker_queue size: 0
front_queue size: 0
------------------------------
raw_queue size: 0
preprocess_queue size: 0
order_queue size: 0
order_worker_queue size: 0
front_queue size: 0
------------------------------
raw_queue size: 0
preprocess_queue size: 0
order_queue size: 0
order_worker_queue size: 0
front_queue size: 0
------------------------------
raw_queue size: 0
preprocess_queue size: 0
order_queue size: 0
order_worker_queue size: 0
front_queue size: 0
------------------------------
raw_queue size: 0
preprocess_queue size: 0
order_queue size: 0
order_worker_queue size: 0
front_queue size: 0
------------------------------
raw_queue size: 0
preprocess_queue size: 0
order_queue size: 0
order_worker_queue size: 0
front_queue size: 0
------------------------------
raw_queue size: 0
preprocess_queue size: 0
order_queue size: 0
order_worker_queue size: 0
front_queue size: 0
------------------------------
raw_queue size: 0
preprocess_queue size: 0
order_queue size: 0
order_worker_queue size: 0
front_queue size: 0
------------------------------
raw_queue size: 0
preprocess_queue size: 0
order_queue size: 0
order_worker_queue size: 0
front_queue size: 0
------------------------------
raw_queue size: 0
preprocess_queue size: 0
order_queue size: 0
order_worker_queue size: 0
front_queue size: 0
------------------------------
raw_queue size: 0
preprocess_queue size: 0
order_queue size: 0
order_worker_queue size: 0
front_queue size: 0
------------------------------
raw_queue size: 0
preprocess_queue size: 0
order_queue size: 0
order_worker_queue size: 0
front_queue size: 0
------------------------------
[2026-01-27 14:52:39.783788]
raw_queue size: 0
preprocess_queue size: 0
order_queue size: 0
order_worker_queue size: 0
front_queue size: 0
------------------------------
[2026-01-27 14:52:40.788213]
raw_queue size: 0
preprocess_queue size: 0
order_queue size: 0
order_worker_queue size: 0
front_queue size: 0
------------------------------
[2026-01-27 14:52:41.790114]
raw_queue size: 0
preprocess_queue size: 0
order_queue size: 0
order_worker_queue size: 0
front_queue size: 0
------------------------------
[2026-01-27 14:52:42.792547]
raw_queue size: 0
preprocess_queue size: 0
order_queue size: 0
order_worker_queue size: 0
front_queue size: 0
------------------------------
[2026-01-27 14:52:43.794607]
raw_queue size: 0
preprocess_queue size: 0
order_queue size: 0
order_worker_queue size: 0
front_queue size: 0
------------------------------
[2026-01-27 14:52:44.797076]
raw_queue size: 0
preprocess_queue size: 0
order_queue size: 0
order_worker_queue size: 0
front_queue size: 0
------------------------------
[2026-01-27 14:52:45.799399]
raw_queue size: 0
preprocess_queue size: 0
order_queue size: 0
order_worker_queue size: 0
front_queue size: 0
------------------------------
[2026-01-27 14:52:46.801716]
raw_queue size: 0
preprocess_queue size: 0
order_queue size: 0
order_worker_queue size: 0
front_queue size: 0
------------------------------
[2026-01-27 14:52:47.804237]
raw_queue size: 0
preprocess_queue size: 0
order_queue size: 0
order_worker_queue size: 0
front_queue size: 0
------------------------------
[2026-01-27 14:52:48.806505]
raw_queue size: 0
preprocess_queue size: 0
order_queue size: 0
order_worker_queue size: 0
front_queue size: 0
------------------------------
[2026-01-27 14:52:54.326122]
raw_queue size: 0
preprocess_queue size: 0
order_queue size: 0
order_worker_queue size: 0
front_queue size: 0
------------------------------
[2026-01-27 14:52:55.330824]
raw_queue size: 0
preprocess_queue size: 0
order_queue size: 0
order_worker_queue size: 0
front_queue size: 0
------------------------------
[2026-01-27 14:52:56.332826]
raw_queue size: 0
preprocess_queue size: 0
order_queue size: 0
order_worker_queue size: 0
front_queue size: 0
------------------------------
[2026-01-27 14:52:57.335748]
raw_queue size: 0
preprocess_queue size: 0
order_queue size: 0
order_worker_queue size: 0
front_queue size: 0
------------------------------
[2026-01-27 14:52:58.338460]
raw_queue size: 0
preprocess_queue size: 0
order_queue size: 0
order_worker_queue size: 0
front_queue size: 0
------------------------------
[2026-01-27 14:54:51.410140]
raw_queue size: 0
preprocess_queue size: 0
order_queue size: 0
order_worker_queue size: 0
front_queue size: 0
------------------------------
[2026-01-27 14:54:52.414874]
raw_queue size: 0
preprocess_queue size: 0
order_queue size: 0
order_worker_queue size: 0
front_queue size: 0
------------------------------
[2026-01-27 14:54:53.417912]
raw_queue size: 0
preprocess_queue size: 0
order_queue size: 0
order_worker_queue size: 0
front_queue size: 0
------------------------------
[2026-01-27 15:02:57.881745]
raw_queue size: 0
preprocess_queue size: 0
order_queue size: 0
order_worker_queue size: 0
front_queue size: 0
------------------------------
[2026-01-27 15:02:58.885385]
raw_queue size: 6
preprocess_queue size: 0
order_queue size: 0
order_worker_queue size: 0
front_queue size: 0
------------------------------
[2026-01-27 15:02:59.887583]
raw_queue size: 11
preprocess_queue size: 0
order_queue size: 0
order_worker_queue size: 0
front_queue size: 0
------------------------------
[2026-01-27 15:03:00.889910]
raw_queue size: 15
preprocess_queue size: 0
order_queue size: 0
order_worker_queue size: 0
front_queue size: 0
------------------------------
[2026-01-27 15:03:01.891732]
raw_queue size: 20
preprocess_queue size: 0
order_queue size: 0
order_worker_queue size: 0
front_queue size: 0
------------------------------
[2026-01-27 15:03:48.592639]
raw_queue size: 0
preprocess_queue size: 0
order_queue size: 0
order_worker_queue size: 0
front_queue size: 0
------------------------------
[2026-01-27 15:05:21.074469]
raw_queue size: 0
preprocess_queue size: 0
order_queue size: 0
order_worker_queue size: 0
front_queue size: 0
------------------------------
[2026-01-27 15:05:30.543195]
raw_queue size: 0
preprocess_queue size: 0
order_queue size: 0
order_worker_queue size: 0
front_queue size: 0
------------------------------
[2026-01-27 15:06:43.873833]
raw_queue size: 0
preprocess_queue size: 0
order_queue size: 0
order_worker_queue size: 0
front_queue size: 0
------------------------------
[2026-01-27 15:06:58.812328]
raw_queue size: 0
preprocess_queue size: 0
order_queue size: 0
order_worker_queue size: 0
front_queue size: 0
------------------------------
[2026-01-27 15:07:20.149967]
raw_queue size: 0
preprocess_queue size: 0
order_queue size: 0
order_worker_queue size: 0
front_queue size: 0
------------------------------
[2026-01-27 15:07:49.798418]
raw_queue size: 0
preprocess_queue size: 0
order_queue size: 0
order_worker_queue size: 0
front_queue size: 0
------------------------------
[2026-01-27 15:07:57.765422]
raw_queue size: 0
preprocess_queue size: 0
order_queue size: 0
order_worker_queue size: 0
front_queue size: 0
------------------------------
[2026-01-27 15:08:34.970677]
raw_queue size: 0
preprocess_queue size: 4
order_queue size: 0
order_worker_queue size: 0
front_queue size: 0
------------------------------
